Using pre-set license
Built from '2021.2/staging' branch; Version is '2021.2.9f1 (921b45a28ab6) revision 9575237'; Using compiler version '192829333'; Build Type 'Release'
OS: 'Windows 10  (10.0.19043) 64bit Core' Language: 'it' Physical Memory: 16234 MB
BatchMode: 1, IsHumanControllingUs: 0, StartBugReporterOnCrash: 0, Is64bit: 1, IsPro: 0

COMMAND LINE ARGUMENTS:
C:\Program Files\Unity\2021.2.9f1\Editor\Unity.exe
-adb2
-batchMode
-noUpm
-name
AssetImportWorker2
-projectPath
D:/GITHUB_Repos/VR_Interactions/Interaction_Scantamburlo
-logFile
Logs/AssetImportWorker2.log
-srvPort
58159
Successfully changed project path to: D:/GITHUB_Repos/VR_Interactions/Interaction_Scantamburlo
D:/GITHUB_Repos/VR_Interactions/Interaction_Scantamburlo
[UnityMemory] Configuration Parameters - Can be set up in boot.config
    "memorysetup-bucket-allocator-granularity=16"
    "memorysetup-bucket-allocator-bucket-count=8"
    "memorysetup-bucket-allocator-block-size=33554432"
    "memorysetup-bucket-allocator-block-count=8"
    "memorysetup-main-allocator-block-size=16777216"
    "memorysetup-thread-allocator-block-size=16777216"
    "memorysetup-gfx-main-allocator-block-size=16777216"
    "memorysetup-gfx-thread-allocator-block-size=16777216"
    "memorysetup-cache-allocator-block-size=4194304"
    "memorysetup-typetree-allocator-block-size=2097152"
    "memorysetup-profiler-bucket-allocator-granularity=16"
    "memorysetup-profiler-bucket-allocator-bucket-count=8"
    "memorysetup-profiler-bucket-allocator-block-size=33554432"
    "memorysetup-profiler-bucket-allocator-block-count=8"
    "memorysetup-profiler-allocator-block-size=16777216"
    "memorysetup-profiler-editor-allocator-block-size=1048576"
    "memorysetup-temp-allocator-size-main=16777216"
    "memorysetup-job-temp-allocator-block-size=2097152"
    "memorysetup-job-temp-allocator-block-size-background=1048576"
    "memorysetup-job-temp-allocator-reduction-small-platforms=262144"
    "memorysetup-temp-allocator-size-background-worker=32768"
    "memorysetup-temp-allocator-size-job-worker=262144"
    "memorysetup-temp-allocator-size-preload-manager=33554432"
    "memorysetup-temp-allocator-size-nav-mesh-worker=65536"
    "memorysetup-temp-allocator-size-audio-worker=65536"
    "memorysetup-temp-allocator-size-cloud-worker=32768"
    "memorysetup-temp-allocator-size-gi-baking-worker=262144"
    "memorysetup-temp-allocator-size-gfx=262144"
Refreshing native plugins compatible for Editor in 162.33 ms, found 6 plugins.
Preloading 1 native plugins for Editor in 1.32 ms.
Initialize engine version: 2021.2.9f1 (921b45a28ab6)
[Subsystems] Discovering subsystems at path C:/Program Files/Unity/2021.2.9f1/Editor/Data/Resources/UnitySubsystems
[Subsystems] Discovering subsystems at path D:/GITHUB_Repos/VR_Interactions/Interaction_Scantamburlo/Assets
GfxDevice: creating device client; threaded=0; jobified=0
Direct3D:
    Version:  Direct3D 11.0 [level 11.1]
    Renderer: NVIDIA GeForce GTX 1050 Ti (ID=0x1c8c)
    Vendor:   NVIDIA
    VRAM:     4018 MB
    Driver:   27.21.14.5763
Initialize mono
Mono path[0] = 'C:/Program Files/Unity/2021.2.9f1/Editor/Data/Managed'
Mono path[1] = 'C:/Program Files/Unity/2021.2.9f1/Editor/Data/MonoBleedingEdge/lib/mono/unityjit-win32'
Mono config path = 'C:/Program Files/Unity/2021.2.9f1/Editor/Data/MonoBleedingEdge/etc'
Using monoOptions --debugger-agent=transport=dt_socket,embedding=1,server=y,suspend=n,address=127.0.0.1:56768
Begin MonoManager ReloadAssembly
Registering precompiled unity dll's ...
Register platform support module: C:/Program Files/Unity/2021.2.9f1/Editor/Data/PlaybackEngines/WebGLSupport/UnityEditor.WebGL.Extensions.dll
Register platform support module: C:/Program Files/Unity/2021.2.9f1/Editor/Data/PlaybackEngines/WindowsStandaloneSupport/UnityEditor.WindowsStandalone.Extensions.dll
Registered in 0.008194 seconds.
Native extension for WindowsStandalone target not found
Native extension for WebGL target not found
Refreshing native plugins compatible for Editor in 109.67 ms, found 6 plugins.
Preloading 1 native plugins for Editor in 0.05 ms.
Mono: successfully reloaded assembly
- Completed reload, in  0.778 seconds
Domain Reload Profiling:
	ReloadAssembly (779ms)
		BeginReloadAssembly (80ms)
			ExecutionOrderSort (0ms)
			DisableScriptedObjects (0ms)
			BackupInstance (0ms)
			ReleaseScriptingObjects (0ms)
			CreateAndSetChildDomain (1ms)
		EndReloadAssembly (603ms)
			LoadAssemblies (78ms)
			RebuildTransferFunctionScriptingTraits (0ms)
			SetupTypeCache (135ms)
			ReleaseScriptCaches (0ms)
			RebuildScriptCaches (33ms)
			SetupLoadedEditorAssemblies (344ms)
				LogAssemblyErrors (0ms)
				InitializePlatformSupportModulesInManaged (17ms)
				SetLoadedEditorAssemblies (0ms)
				RefreshPlugins (110ms)
				BeforeProcessingInitializeOnLoad (1ms)
				ProcessInitializeOnLoadAttributes (161ms)
				ProcessInitializeOnLoadMethodAttributes (54ms)
				AfterProcessingInitializeOnLoad (0ms)
				EditorAssembliesLoaded (0ms)
			ExecutionOrderSort2 (0ms)
			AwakeInstancesAfterBackupRestoration (0ms)
Platform modules already initialized, skipping
Registering precompiled user dll's ...
Registered in 0.012772 seconds.
Begin MonoManager ReloadAssembly
Symbol file LoadedFromMemory doesn't match image D:\GITHUB_Repos\VR_Interactions\Interaction_Scantamburlo\Library\PackageCache\com.unity.visualscripting@1.7.6\Editor\VisualScripting.Core\Dependencies\YamlDotNet\Unity.VisualScripting.YamlDotNet.dll
Symbol file LoadedFromMemory doesn't match image D:\GITHUB_Repos\VR_Interactions\Interaction_Scantamburlo\Library\PackageCache\com.unity.visualscripting@1.7.6\Editor\VisualScripting.Core\Dependencies\DotNetZip\Unity.VisualScripting.IonicZip.dll
Native extension for WindowsStandalone target not found
Native extension for WebGL target not found
Refreshing native plugins compatible for Editor in 138.79 ms, found 6 plugins.
Preloading 1 native plugins for Editor in 0.07 ms.
Package Manager log level set to [2]
System.Reflection.TargetInvocationException: Exception has been thrown by the target of an invocation. ---> System.NullReferenceException: Object reference not set to an instance of an object
  at Unity.XR.Oculus.OculusLoader.AssetPathToAbsolutePath (System.String assetPath) [0x00040] in D:\GITHUB_Repos\VR_Interactions\Interaction_Scantamburlo\Library\PackageCache\com.unity.xr.oculus@1.11.2\Runtime\OculusLoader.cs:250 
  at Unity.XR.Oculus.OculusLoader.EditorLoadOVRPlugin () [0x0007b] in D:\GITHUB_Repos\VR_Interactions\Interaction_Scantamburlo\Library\PackageCache\com.unity.xr.oculus@1.11.2\Runtime\OculusLoader.cs:235 
  at (wrapper managed-to-native) System.Reflection.RuntimeMethodInfo.InternalInvoke(System.Reflection.RuntimeMethodInfo,object,object[],System.Exception&)
  at System.Reflection.RuntimeMethodInfo.Invoke (System.Object obj, System.Reflection.BindingFlags invokeAttr, System.Reflection.Binder binder, System.Object[] parameters, System.Globalization.CultureInfo culture) [0x0006a] in <47ab72e0328040438980f9c23608e1ec>:0 
   --- End of inner exception stack trace ---
  at System.Reflection.RuntimeMethodInfo.Invoke (System.Object obj, System.Reflection.BindingFlags invokeAttr, System.Reflection.Binder binder, System.Object[] parameters, System.Globalization.CultureInfo culture) [0x00083] in <47ab72e0328040438980f9c23608e1ec>:0 
  at System.Reflection.MethodBase.Invoke (System.Object obj, System.Object[] parameters) [0x00000] in <47ab72e0328040438980f9c23608e1ec>:0 
  at UnityEditor.EditorAssemblies.ProcessInitializeOnLoadMethodAttributes () [0x000a5] in <091d339d138346aa90aa98b5607c9126>:0 
UnityEngine.StackTraceUtility:ExtractStackTrace ()
UnityEngine.DebugLogHandler:LogFormat (UnityEngine.LogType,UnityEngine.Object,string,object[])
UnityEngine.Logger:Log (UnityEngine.LogType,object)
UnityEngine.Debug:LogError (object)
UnityEditor.EditorAssemblies:ProcessInitializeOnLoadMethodAttributes ()

Mono: successfully reloaded assembly
- Completed reload, in  1.584 seconds
Domain Reload Profiling:
	ReloadAssembly (1585ms)
		BeginReloadAssembly (151ms)
			ExecutionOrderSort (0ms)
			DisableScriptedObjects (7ms)
			BackupInstance (0ms)
			ReleaseScriptingObjects (0ms)
			CreateAndSetChildDomain (28ms)
		EndReloadAssembly (1325ms)
			LoadAssemblies (109ms)
			RebuildTransferFunctionScriptingTraits (0ms)
			SetupTypeCache (391ms)
			ReleaseScriptCaches (2ms)
			RebuildScriptCaches (82ms)
			SetupLoadedEditorAssemblies (676ms)
				LogAssemblyErrors (0ms)
				InitializePlatformSupportModulesInManaged (21ms)
				SetLoadedEditorAssemblies (0ms)
				RefreshPlugins (139ms)
				BeforeProcessingInitializeOnLoad (125ms)
				ProcessInitializeOnLoadAttributes (340ms)
				ProcessInitializeOnLoadMethodAttributes (38ms)
				AfterProcessingInitializeOnLoad (13ms)
				EditorAssembliesLoaded (0ms)
			ExecutionOrderSort2 (0ms)
			AwakeInstancesAfterBackupRestoration (7ms)
Platform modules already initialized, skipping
========================================================================
Worker process is ready to serve import requests
Launched and connected shader compiler UnityShaderCompiler.exe after 0.32 seconds
Refreshing native plugins compatible for Editor in 0.80 ms, found 6 plugins.
Preloading 1 native plugins for Editor in 0.07 ms.
Unloading 3783 Unused Serialized files (Serialized files now loaded: 0)
Unloading 30 unused Assets / (112.2 KB). Loaded Objects now: 4242.
Memory consumption went from 133.8 MB to 133.7 MB.
Total: 4.112000 ms (FindLiveObjects: 0.350000 ms CreateObjectMapping: 0.280800 ms MarkObjects: 3.364100 ms  DeleteObjects: 0.116100 ms)

AssetImportParameters requested are different than current active one (requested -> active):
  custom:video-decoder-ogg-theora: a1e56fd34408186e4bbccfd4996cb3dc -> 
  custom:container-muxer-webm: aa71ff27fc2769a1b78a27578f13a17b -> 
  custom:container-demuxer-webm: 4f35f7cbe854078d1ac9338744f61a02 -> 
  custom:video-encoder-webm-vp8: eb34c28f22e8b96e1ab97ce403110664 -> 
  custom:audio-encoder-webm-vorbis: bf7c407c2cedff20999df2af8eb42d56 -> 
  custom:framework-win-MediaFoundation: 216162199b28c13a410421893ffa2e32 -> 
  custom:container-demuxer-ogg: 62fdf1f143b41e24485cea50d1cbac27 -> 
  custom:video-decoder-webm-vp8: 9c59270c3fd7afecdb556c50c9e8de78 -> 
  custom:audio-decoder-ogg-vorbis: bf7c407c2cedff20999df2af8eb42d56 -> 
========================================================================
Received Import Request.
  Time since last request: 1900954.277927 seconds.
  path: Assets/BNG Framework/Materials/ColumnGlow.shader
  artifactKey: Guid(25bc671e448181c4fab3e6f52fb9d4bd) Importer(815301076,1909f56bfc062723c751e8b465ee728b)
Start importing Assets/BNG Framework/Materials/ColumnGlow.shader using Guid(25bc671e448181c4fab3e6f52fb9d4bd) Importer(815301076,1909f56bfc062723c751e8b465ee728b)  -> (artifact id: '860c23e2e6dc038b7afaffa23abf29c3') in 0.043799 seconds 
========================================================================
Received Import Request.
  Time since last request: 166.416604 seconds.
  path: Assets/Scenes
  artifactKey: Guid(6ea315d0fd7389c41b19996891e99ae3) Importer(815301076,1909f56bfc062723c751e8b465ee728b)
Start importing Assets/Scenes using Guid(6ea315d0fd7389c41b19996891e99ae3) Importer(815301076,1909f56bfc062723c751e8b465ee728b)  -> (artifact id: 'b8193726cff86800c54781cdc6d54904') in 0.010887 seconds 
========================================================================
Received Import Request.
  Time since last request: 45.268324 seconds.
  path: Assets/BNG Framework/Resources
  artifactKey: Guid(bfb4ae5646341a845af4c28042ad0f1c) Importer(815301076,1909f56bfc062723c751e8b465ee728b)
Start importing Assets/BNG Framework/Resources using Guid(bfb4ae5646341a845af4c28042ad0f1c) Importer(815301076,1909f56bfc062723c751e8b465ee728b)  -> (artifact id: '0bb9d2921a1e784496d2e32d8d65c55a') in 0.008211 seconds 
========================================================================
Received Import Request.
  Time since last request: 0.019949 seconds.
  path: Assets/BNG Framework/Resources/Arrow.prefab
  artifactKey: Guid(52b718212df4c8644a4741e99aefc97d) Importer(815301076,1909f56bfc062723c751e8b465ee728b)
Start importing Assets/BNG Framework/Resources/Arrow.prefab using Guid(52b718212df4c8644a4741e99aefc97d) Importer(815301076,1909f56bfc062723c751e8b465ee728b)  -> (artifact id: 'e845534ef22cdd37487946a3935d4882') in 0.164073 seconds 
========================================================================
Received Import Request.
  Time since last request: 6.819183 seconds.
  path: Assets/BNG Framework/Resources/RingHelper.prefab
  artifactKey: Guid(9e3b0bca4dce07c4cac56011bea1487d) Importer(815301076,1909f56bfc062723c751e8b465ee728b)
Start importing Assets/BNG Framework/Resources/RingHelper.prefab using Guid(9e3b0bca4dce07c4cac56011bea1487d) Importer(815301076,1909f56bfc062723c751e8b465ee728b)  -> (artifact id: '3176b8e4397551d79df603232c7bcdc8') in 0.013989 seconds 
========================================================================
Received Import Request.
  Time since last request: 1.646613 seconds.
  path: Assets/BNG Framework/Documentation
  artifactKey: Guid(ab81784c3b9ea654e9c2d3a580711d6d) Importer(815301076,1909f56bfc062723c751e8b465ee728b)
Start importing Assets/BNG Framework/Documentation using Guid(ab81784c3b9ea654e9c2d3a580711d6d) Importer(815301076,1909f56bfc062723c751e8b465ee728b)  -> (artifact id: 'dadcef84cb8679c4e6b856854b547cb4') in 0.016936 seconds 
========================================================================
Received Import Request.
  Time since last request: 0.767211 seconds.
  path: Assets/BNG Framework/Documentation/Documentation.txt
  artifactKey: Guid(6fbcf40de96c261428b4f17b3e4d8b20) Importer(815301076,1909f56bfc062723c751e8b465ee728b)
Start importing Assets/BNG Framework/Documentation/Documentation.txt using Guid(6fbcf40de96c261428b4f17b3e4d8b20) Importer(815301076,1909f56bfc062723c751e8b465ee728b)  -> (artifact id: '0f83217ac46c4d237a42f89084578837') in 0.011847 seconds 
========================================================================
Received Import Request.
  Time since last request: 267.199677 seconds.
  path: Assets/BNG Framework/Scenes/XR Demo
  artifactKey: Guid(caa8c9cfcb3010e4990c7191fbdbaa4d) Importer(815301076,1909f56bfc062723c751e8b465ee728b)
Start importing Assets/BNG Framework/Scenes/XR Demo using Guid(caa8c9cfcb3010e4990c7191fbdbaa4d) Importer(815301076,1909f56bfc062723c751e8b465ee728b)  -> (artifact id: 'f15823205471a0d3876052b6f36bb3cf') in 0.009390 seconds 
========================================================================
Received Import Request.
  Time since last request: 0.033609 seconds.
  path: Assets/BNG Framework/Scenes/XR Demo/LightingData.asset
  artifactKey: Guid(fc523aed4ff6cdb4dbc29466bec09eb2) Importer(815301076,1909f56bfc062723c751e8b465ee728b)
Start importing Assets/BNG Framework/Scenes/XR Demo/LightingData.asset using Guid(fc523aed4ff6cdb4dbc29466bec09eb2) Importer(815301076,1909f56bfc062723c751e8b465ee728b)  -> (artifact id: 'a983030bfc7e609323e3d4b5b746416d') in 0.010988 seconds 
========================================================================
Received Import Request.
  Time since last request: 0.001487 seconds.
  path: Assets/BNG Framework/Scenes/XR Demo/Lightmap-1_comp_light.exr
  artifactKey: Guid(08459a9945b5ec440bca0d75ba0dc375) Importer(815301076,1909f56bfc062723c751e8b465ee728b)
Start importing Assets/BNG Framework/Scenes/XR Demo/Lightmap-1_comp_light.exr using Guid(08459a9945b5ec440bca0d75ba0dc375) Importer(815301076,1909f56bfc062723c751e8b465ee728b)  -> (artifact id: '839a13bd4957694882203feb1721ac47') in 0.084239 seconds 
========================================================================
Received Import Request.
  Time since last request: 0.000034 seconds.
  path: Assets/BNG Framework/Scenes/XR Demo/Lightmap-6_comp_light.exr
  artifactKey: Guid(fdc46b5e3ee75f84a9da3f69fcb3dcd3) Importer(815301076,1909f56bfc062723c751e8b465ee728b)
Start importing Assets/BNG Framework/Scenes/XR Demo/Lightmap-6_comp_light.exr using Guid(fdc46b5e3ee75f84a9da3f69fcb3dcd3) Importer(815301076,1909f56bfc062723c751e8b465ee728b)  -> (artifact id: '4e824d08919c5883d50bcc67d1b0bd75') in 0.052248 seconds 
========================================================================
Received Import Request.
  Time since last request: 0.000034 seconds.
  path: Assets/BNG Framework/Scenes/XR Demo/Lightmap-6_comp_dir.png
  artifactKey: Guid(76260c98fae265c4998abc8ce6272ebe) Importer(815301076,1909f56bfc062723c751e8b465ee728b)
Start importing Assets/BNG Framework/Scenes/XR Demo/Lightmap-6_comp_dir.png using Guid(76260c98fae265c4998abc8ce6272ebe) Importer(815301076,1909f56bfc062723c751e8b465ee728b)  -> (artifact id: 'b6a624d9554830ac5df68b6588658375') in 0.065227 seconds 
========================================================================
Received Import Request.
  Time since last request: 0.000030 seconds.
  path: Assets/BNG Framework/Scenes/XR Demo/Lightmap-8_comp_light.exr
  artifactKey: Guid(04f8246f752685c438f0339bca129df8) Importer(815301076,1909f56bfc062723c751e8b465ee728b)
Start importing Assets/BNG Framework/Scenes/XR Demo/Lightmap-8_comp_light.exr using Guid(04f8246f752685c438f0339bca129df8) Importer(815301076,1909f56bfc062723c751e8b465ee728b)  -> (artifact id: 'c5aae9e2fe0577d5dc59dd11dbf929a7') in 0.035784 seconds 
========================================================================
Received Import Request.
  Time since last request: 0.000035 seconds.
  path: Assets/BNG Framework/Scenes/XR Demo/Lightmap-2_comp_light.exr
  artifactKey: Guid(72459b1d01c34be47a2e5dbc535d05e5) Importer(815301076,1909f56bfc062723c751e8b465ee728b)
Start importing Assets/BNG Framework/Scenes/XR Demo/Lightmap-2_comp_light.exr using Guid(72459b1d01c34be47a2e5dbc535d05e5) Importer(815301076,1909f56bfc062723c751e8b465ee728b)  -> (artifact id: 'bc02a0ecff7d4d41aabbe7d4da15ffe6') in 0.035351 seconds 
========================================================================
Received Import Request.
  Time since last request: 0.000025 seconds.
  path: Assets/BNG Framework/Scenes/XR Demo/Lightmap-0_comp_light.exr
  artifactKey: Guid(1ffa16e348de2e541b325d7abd9f20f8) Importer(815301076,1909f56bfc062723c751e8b465ee728b)
Start importing Assets/BNG Framework/Scenes/XR Demo/Lightmap-0_comp_light.exr using Guid(1ffa16e348de2e541b325d7abd9f20f8) Importer(815301076,1909f56bfc062723c751e8b465ee728b)  -> (artifact id: '16152e35387e3d8724dc9d785df68260') in 0.040129 seconds 
========================================================================
Received Import Request.
  Time since last request: 0.000030 seconds.
  path: Assets/BNG Framework/Scenes/XR Demo/Lightmap-2_comp_dir.png
  artifactKey: Guid(95a69afc16b892b41b604bef770d59ad) Importer(815301076,1909f56bfc062723c751e8b465ee728b)
Start importing Assets/BNG Framework/Scenes/XR Demo/Lightmap-2_comp_dir.png using Guid(95a69afc16b892b41b604bef770d59ad) Importer(815301076,1909f56bfc062723c751e8b465ee728b)  -> (artifact id: '35c62231cacefad80ea7621d7a3568e1') in 0.040715 seconds 
========================================================================
Received Import Request.
  Time since last request: 0.000025 seconds.
  path: Assets/BNG Framework/Scenes/XR Demo/Lightmap-5_comp_dir.png
  artifactKey: Guid(07f424c5b6a9c9347a45d1c9431f8683) Importer(815301076,1909f56bfc062723c751e8b465ee728b)
Start importing Assets/BNG Framework/Scenes/XR Demo/Lightmap-5_comp_dir.png using Guid(07f424c5b6a9c9347a45d1c9431f8683) Importer(815301076,1909f56bfc062723c751e8b465ee728b)  -> (artifact id: '58d8fafe1b6cb50c76f8c1b7ada35243') in 0.037119 seconds 
========================================================================
Received Import Request.
  Time since last request: 0.000019 seconds.
  path: Assets/BNG Framework/Scenes/XR Demo/Lightmap-4_comp_dir.png
  artifactKey: Guid(58b6f9145c4b0ca4480fbafaed3ea921) Importer(815301076,1909f56bfc062723c751e8b465ee728b)
Start importing Assets/BNG Framework/Scenes/XR Demo/Lightmap-4_comp_dir.png using Guid(58b6f9145c4b0ca4480fbafaed3ea921) Importer(815301076,1909f56bfc062723c751e8b465ee728b)  -> (artifact id: '475905fb7735ab327124136bb705bcb0') in 0.037201 seconds 
========================================================================
Received Import Request.
  Time since last request: 4.109083 seconds.
  path: Assets/BNG Framework/Scenes/XR Demo.unity
  artifactKey: Guid(a1360534006d3f845bc79b46b93cfec5) Importer(815301076,1909f56bfc062723c751e8b465ee728b)
Start importing Assets/BNG Framework/Scenes/XR Demo.unity using Guid(a1360534006d3f845bc79b46b93cfec5) Importer(815301076,1909f56bfc062723c751e8b465ee728b)  -> (artifact id: 'e13fdc660f11ba7bb239c6ba05bc215a') in 0.013965 seconds 
========================================================================
Received Prepare
Refreshing native plugins compatible for Editor in 4.95 ms, found 6 plugins.
Preloading 1 native plugins for Editor in 0.06 ms.
Unloading 20 Unused Serialized files (Serialized files now loaded: 0)
Unloading 20 unused Assets / (76.2 KB). Loaded Objects now: 4265.
Memory consumption went from 63.3 MB to 63.2 MB.
Total: 5.053400 ms (FindLiveObjects: 0.566800 ms CreateObjectMapping: 0.399600 ms MarkObjects: 3.968000 ms  DeleteObjects: 0.117700 ms)

AssetImportParameters requested are different than current active one (requested -> active):
  custom:video-decoder-ogg-theora: a1e56fd34408186e4bbccfd4996cb3dc -> 
  custom:container-muxer-webm: aa71ff27fc2769a1b78a27578f13a17b -> 
  custom:container-demuxer-webm: 4f35f7cbe854078d1ac9338744f61a02 -> 
  custom:video-encoder-webm-vp8: eb34c28f22e8b96e1ab97ce403110664 -> 
  custom:audio-encoder-webm-vorbis: bf7c407c2cedff20999df2af8eb42d56 -> 
  custom:framework-win-MediaFoundation: 216162199b28c13a410421893ffa2e32 -> 
  custom:container-demuxer-ogg: 62fdf1f143b41e24485cea50d1cbac27 -> 
  custom:video-decoder-webm-vp8: 9c59270c3fd7afecdb556c50c9e8de78 -> 
  custom:audio-decoder-ogg-vorbis: bf7c407c2cedff20999df2af8eb42d56 -> 
========================================================================
Received Prepare
Registering precompiled user dll's ...
Registered in 0.007955 seconds.
Begin MonoManager ReloadAssembly
Symbol file LoadedFromMemory doesn't match image D:\GITHUB_Repos\VR_Interactions\Interaction_Scantamburlo\Library\PackageCache\com.unity.visualscripting@1.7.6\Editor\VisualScripting.Core\Dependencies\YamlDotNet\Unity.VisualScripting.YamlDotNet.dll
Symbol file LoadedFromMemory doesn't match image D:\GITHUB_Repos\VR_Interactions\Interaction_Scantamburlo\Library\PackageCache\com.unity.visualscripting@1.7.6\Editor\VisualScripting.Core\Dependencies\DotNetZip\Unity.VisualScripting.IonicZip.dll
Native extension for WindowsStandalone target not found
Native extension for WebGL target not found
Refreshing native plugins compatible for Editor in 0.90 ms, found 6 plugins.
Preloading 1 native plugins for Editor in 0.15 ms.
System.Reflection.TargetInvocationException: Exception has been thrown by the target of an invocation. ---> System.NullReferenceException: Object reference not set to an instance of an object
  at Unity.XR.Oculus.OculusLoader.AssetPathToAbsolutePath (System.String assetPath) [0x00040] in D:\GITHUB_Repos\VR_Interactions\Interaction_Scantamburlo\Library\PackageCache\com.unity.xr.oculus@1.11.2\Runtime\OculusLoader.cs:250 
  at Unity.XR.Oculus.OculusLoader.EditorLoadOVRPlugin () [0x0007b] in D:\GITHUB_Repos\VR_Interactions\Interaction_Scantamburlo\Library\PackageCache\com.unity.xr.oculus@1.11.2\Runtime\OculusLoader.cs:235 
  at (wrapper managed-to-native) System.Reflection.RuntimeMethodInfo.InternalInvoke(System.Reflection.RuntimeMethodInfo,object,object[],System.Exception&)
  at System.Reflection.RuntimeMethodInfo.Invoke (System.Object obj, System.Reflection.BindingFlags invokeAttr, System.Reflection.Binder binder, System.Object[] parameters, System.Globalization.CultureInfo culture) [0x0006a] in <47ab72e0328040438980f9c23608e1ec>:0 
   --- End of inner exception stack trace ---
  at System.Reflection.RuntimeMethodInfo.Invoke (System.Object obj, System.Reflection.BindingFlags invokeAttr, System.Reflection.Binder binder, System.Object[] parameters, System.Globalization.CultureInfo culture) [0x00083] in <47ab72e0328040438980f9c23608e1ec>:0 
  at System.Reflection.MethodBase.Invoke (System.Object obj, System.Object[] parameters) [0x00000] in <47ab72e0328040438980f9c23608e1ec>:0 
  at UnityEditor.EditorAssemblies.ProcessInitializeOnLoadMethodAttributes () [0x000a5] in <091d339d138346aa90aa98b5607c9126>:0 
UnityEngine.StackTraceUtility:ExtractStackTrace ()
UnityEngine.DebugLogHandler:LogFormat (UnityEngine.LogType,UnityEngine.Object,string,object[])
UnityEngine.Logger:Log (UnityEngine.LogType,object)
UnityEngine.Debug:LogError (object)
UnityEditor.EditorAssemblies:ProcessInitializeOnLoadMethodAttributes ()

Mono: successfully reloaded assembly
- Completed reload, in  1.863 seconds
Domain Reload Profiling:
	ReloadAssembly (1863ms)
		BeginReloadAssembly (200ms)
			ExecutionOrderSort (0ms)
			DisableScriptedObjects (8ms)
			BackupInstance (0ms)
			ReleaseScriptingObjects (0ms)
			CreateAndSetChildDomain (59ms)
		EndReloadAssembly (1522ms)
			LoadAssemblies (126ms)
			RebuildTransferFunctionScriptingTraits (0ms)
			SetupTypeCache (426ms)
			ReleaseScriptCaches (2ms)
			RebuildScriptCaches (60ms)
			SetupLoadedEditorAssemblies (589ms)
				LogAssemblyErrors (0ms)
				InitializePlatformSupportModulesInManaged (17ms)
				SetLoadedEditorAssemblies (0ms)
				RefreshPlugins (1ms)
				BeforeProcessingInitializeOnLoad (118ms)
				ProcessInitializeOnLoadAttributes (402ms)
				ProcessInitializeOnLoadMethodAttributes (39ms)
				AfterProcessingInitializeOnLoad (11ms)
				EditorAssembliesLoaded (0ms)
			ExecutionOrderSort2 (0ms)
			AwakeInstancesAfterBackupRestoration (19ms)
Platform modules already initialized, skipping
Switching build target platform(19) subTarget(0) extendedPlatform(0) -> platform(13) subTarget(0) extendedPlatform(0)
Refreshing native plugins compatible for Editor in 1.37 ms, found 6 plugins.
Preloading 1 native plugins for Editor in 0.22 ms.
Unloading 3776 Unused Serialized files (Serialized files now loaded: 0)
Unloading 23 unused Assets / (80.0 KB). Loaded Objects now: 4393.
Memory consumption went from 150.5 MB to 150.4 MB.
Total: 11.796300 ms (FindLiveObjects: 0.445500 ms CreateObjectMapping: 0.488700 ms MarkObjects: 10.770200 ms  DeleteObjects: 0.090900 ms)

AssetImportParameters requested are different than current active one (requested -> active):
  custom:video-decoder-ogg-theora: a1e56fd34408186e4bbccfd4996cb3dc -> 
  custom:container-muxer-webm: aa71ff27fc2769a1b78a27578f13a17b -> 
  custom:container-demuxer-webm: 4f35f7cbe854078d1ac9338744f61a02 -> 
  custom:video-encoder-webm-vp8: eb34c28f22e8b96e1ab97ce403110664 -> 
  custom:audio-encoder-webm-vorbis: bf7c407c2cedff20999df2af8eb42d56 -> 
  custom:framework-win-MediaFoundation: 216162199b28c13a410421893ffa2e32 -> 
  custom:container-demuxer-ogg: 62fdf1f143b41e24485cea50d1cbac27 -> 
  custom:video-decoder-webm-vp8: 9c59270c3fd7afecdb556c50c9e8de78 -> 
  custom:audio-decoder-ogg-vorbis: bf7c407c2cedff20999df2af8eb42d56 -> 
